<?xml version="1.0" encoding="UTF-8"?>
<!-- Generated by org.testng.reporters.JUnitReportReporter -->
<testsuite skipped="0" hostname="LAPTOP-5MQHTH0B" name="testcases.VerifyLoginPage" tests="1" failures="0" timestamp="2020-05-20T08:07:59 IST" time="58.700" errors="0">
  <testcase name="verifyLoginPage" time="58.700" classname="testcases.VerifyLoginPage"/>
  <system-out/>
</testsuite> <!-- testcases.VerifyLoginPage -->
